<?xml version="1.0" encoding="UTF-8"?>
<!-- Generated by org.testng.reporters.JUnitXMLReporter -->
<testsuite hostname="DESKTOP-SLUED5U" ignored="0" name="Test" tests="6" failures="0" timestamp="19 Mar 2019 20:05:57 GMT" time="46.327" errors="0">
  <testcase name="navigateCreateAccount" time="1.829" classname="myStore.CreateAccount"/>
  <testcase name="setupNewAcount" time="6.876" classname="myStore.CreateAccount"/>
  <testcase name="verifyMyAddress" time="3.225" classname="myStore.CreateAccount"/>
  <testcase name="navigateMyAccount" time="4.602" classname="myStore.Purchase"/>
  <testcase name="selectFirstProduct" time="5.199" classname="myStore.Purchase"/>
  <testcase name="selectSecondProduct" time="10.095" classname="myStore.Purchase"/>
</testsuite> <!-- Test -->
