<?xml version="1.0" encoding="UTF-8"?>
<!-- Generated by org.testng.reporters.JUnitXMLReporter -->
<testsuite hostname="DESKTOP-SLUED5U" ignored="0" name="Default test" tests="3" failures="0" timestamp="25 Mar 2019 21:39:34 GMT" time="29.475" errors="0">
  <testcase name="navigateMyAccount" time="4.859" classname="myStore.Purchase"/>
  <testcase name="selectFirstProduct" time="5.568" classname="myStore.Purchase"/>
  <testcase name="selectSecondProduct" time="10.48" classname="myStore.Purchase"/>
</testsuite> <!-- Default test -->
