<?xml version="1.0" encoding="UTF-8"?>
<!-- Generated by org.testng.reporters.JUnitXMLReporter -->
<testsuite hostname="DESKTOP-SLUED5U" ignored="0" name="Test" tests="6" failures="0" timestamp="21 Mar 2019 15:33:26 GMT" time="41.161" errors="0">
  <testcase name="navigateCreateAccount" time="1.831" classname="myStore.CreateAccount"/>
  <testcase name="setupNewAcount" time="6.355" classname="myStore.CreateAccount"/>
  <testcase name="verifyMyAddress" time="2.411" classname="myStore.CreateAccount"/>
  <testcase name="navigateMyAccount" time="3.339" classname="myStore.Purchase"/>
  <testcase name="selectFirstProduct" time="5.059" classname="myStore.Purchase"/>
  <testcase name="selectSecondProduct" time="7.736" classname="myStore.Purchase"/>
</testsuite> <!-- Test -->
