<?xml version="1.0" encoding="UTF-8"?>
<testsuite xmlns:xsi="http://www.w3.org/2001/XMLSchema-instance" xsi:noNamespaceSchemaLocation="https://maven.apache.org/surefire/maven-surefire-plugin/xsd/surefire-test-report-3.0.xsd" version="3.0" name="TestSuite" time="48.538" tests="6" errors="0" skipped="0" failures="0">
  <properties>
[...]
</properties>
  <testcase name="navigateCreateAccount" classname="myStore.CreateAccount" time="1.83"/>
  <testcase name="setupNewAcount" classname="myStore.CreateAccount" time="6.874"/>
  <testcase name="verifyMyAddress" classname="myStore.CreateAccount" time="3.224"/>
  <testcase name="navigateMyAccount" classname="myStore.Purchase" time="4.602"/>
  <testcase name="selectFirstProduct" classname="myStore.Purchase" time="5.199"/>
  <testcase name="selectSecondProduct" classname="myStore.Purchase" time="10.095"/>
</testsuite>