# JRE version: Java(TM) SE Runtime Environment (11.0.1+13) (build 11.0.1+13-LTS)
# Java VM: Java HotSpot(TM) 64-Bit Server VM (11.0.1+13-LTS, mixed mode, tiered, compressed oops, g1 gc, windows-amd64)
Heap:
 garbage-first heap   total 65536K, used 31800K [0x00000000c1600000, 0x0000000100000000)
  region size 1024K, 26 young (26624K), 3 survivors (3072K)
 Metaspace       used 27379K, capacity 27970K, committed 28032K, reserved 1079296K
  class space    used 3136K, capacity 3394K, committed 3456K, reserved 1048576K
GC Heap History (8 events):
Event: 3.990 GC heap before
{Heap before GC invocations=0 (full 0):
 garbage-first heap   total 65536K, used 15360K [0x00000000c1600000, 0x0000000100000000)
  region size 1024K, 14 young (14336K), 0 survivors (0K)
 Metaspace       used 11623K, capacity 11790K, committed 12032K, reserved 1060864K
  class space    used 1129K, capacity 1205K, committed 1280K, reserved 1048576K
}
Event: 4.004 GC heap after
{Heap after GC invocations=1 (full 0):
 garbage-first heap   total 65536K, used 5698K [0x00000000c1600000, 0x0000000100000000)
  region size 1024K, 2 young (2048K), 2 survivors (2048K)
 Metaspace       used 11623K, capacity 11790K, committed 12032K, reserved 1060864K
  class space    used 1129K, capacity 1205K, committed 1280K, reserved 1048576K
}
Event: 4.599 GC heap before
{Heap before GC invocations=1 (full 0):
 garbage-first heap   total 65536K, used 12866K [0x00000000c1600000, 0x0000000100000000)
  region size 1024K, 9 young (9216K), 2 survivors (2048K)
 Metaspace       used 12865K, capacity 13081K, committed 13184K, reserved 1060864K
  class space    used 1271K, capacity 1336K, committed 1408K, reserved 1048576K
}
Event: 4.611 GC heap after
{Heap after GC invocations=2 (full 0):
 garbage-first heap   total 65536K, used 6143K [0x00000000c1600000, 0x0000000100000000)
  region size 1024K, 1 young (1024K), 1 survivors (1024K)
 Metaspace       used 12865K, capacity 13081K, committed 13184K, reserved 1060864K
  class space    used 1271K, capacity 1336K, committed 1408K, reserved 1048576K
}
Event: 6.139 GC heap before
{Heap before GC invocations=2 (full 0):
 garbage-first heap   total 65536K, used 28671K [0x00000000c1600000, 0x0000000100000000)
  region size 1024K, 23 young (23552K), 1 survivors (1024K)
 Metaspace       used 17785K, capacity 18139K, committed 18304K, reserved 1064960K
  class space    used 1913K, capacity 2068K, committed 2176K, reserved 1048576K
}
Event: 6.149 GC heap after
{Heap after GC invocations=3 (full 0):
 garbage-first heap   total 65536K, used 7611K [0x00000000c1600000, 0x0000000100000000)
  region size 1024K, 2 young (2048K), 2 survivors (2048K)
 Metaspace       used 17785K, capacity 18139K, committed 18304K, reserved 1064960K
  class space    used 1913K, capacity 2068K, committed 2176K, reserved 1048576K
}
Event: 6.696 GC heap before
{Heap before GC invocations=3 (full 0):
 garbage-first heap   total 65536K, used 13755K [0x00000000c1600000, 0x0000000100000000)
  region size 1024K, 9 young (9216K), 2 survivors (2048K)
 Metaspace       used 20701K, capacity 21074K, committed 21248K, reserved 1069056K
  class space    used 2281K, capacity 2448K, committed 2560K, reserved 1048576K
}
Event: 6.711 GC heap after
{Heap after GC invocations=4 (full 0):
 garbage-first heap   total 65536K, used 8345K [0x00000000c1600000, 0x0000000100000000)
  region size 1024K, 3 young (3072K), 3 survivors (3072K)
 Metaspace       used 20701K, capacity 21074K, committed 21248K, reserved 1069056K
  class space    used 2281K, capacity 2448K, committed 2560K, reserved 1048576K
}

